  main.cpp
D:\a大学学习\大三下\计算机图形学\项目\homework2\homework2\main.cpp(433,20): warning C4244: “=”: 从“double”转换到“T”，可能丢失数据
          with
          [
              T=float
          ]
D:\a大学学习\大三下\计算机图形学\项目\homework2\homework2\main.cpp(434,20): warning C4244: “=”: 从“double”转换到“T”，可能丢失数据
          with
          [
              T=float
          ]
D:\a大学学习\大三下\计算机图形学\项目\homework2\homework2\main.cpp(435,20): warning C4244: “=”: 从“double”转换到“T”，可能丢失数据
          with
          [
              T=float
          ]
D:\a大学学习\大三下\计算机图形学\项目\homework2\homework2\main.cpp(496,76): warning C4267: “参数”: 从“size_t”转换到“GLsizei”，可能丢失数据
D:\a大学学习\大三下\计算机图形学\项目\homework2\homework2\main.cpp(512,74): warning C4267: “参数”: 从“size_t”转换到“GLsizei”，可能丢失数据
D:\a大学学习\大三下\计算机图形学\项目\homework2\homework2\main.cpp(550,11): warning C4244: “=”: 从“double”转换到“float”，可能丢失数据
D:\a大学学习\大三下\计算机图形学\项目\homework2\homework2\main.cpp(551,11): warning C4244: “=”: 从“double”转换到“float”，可能丢失数据
D:\a大学学习\大三下\计算机图形学\项目\homework2\homework2\main.cpp(558,10): warning C4244: “=”: 从“double”转换到“float”，可能丢失数据
D:\a大学学习\大三下\计算机图形学\项目\homework2\homework2\main.cpp(657,22): warning C4244: “初始化”: 从“double”转换到“float”，可能丢失数据
  homework2.vcxproj -> D:\a大学学习\大三下\计算机图形学\项目\homework2\x64\Debug\homework2.exe
